<?xml version="1.0" encoding="UTF-8"?>
<testng-results skipped="0" failed="0" ignored="0" total="1" passed="1">
  <reporter-output>
  </reporter-output>
  <suite name="Default suite" duration-ms="16938" started-at="2019-08-27T17:01:46Z" finished-at="2019-08-27T17:02:03Z">
    <groups>
    </groups>
    <test name="Default test" duration-ms="16938" started-at="2019-08-27T17:01:46Z" finished-at="2019-08-27T17:02:03Z">
      <class name="TestCases.DigiDocTest">
        <test-method status="PASS" signature="beforeTest()[pri:0, instance:TestCases.DigiDocTest@13deb50e]" name="beforeTest" is-config="true" duration-ms="5440" started-at="2019-08-27T17:01:46Z" finished-at="2019-08-27T17:01:52Z">
          <reporter-output>
          </reporter-output>
        </test-method> <!-- beforeTest -->
        <test-method status="PASS" signature="beforeClass()[pri:0, instance:TestCases.DigiDocTest@13deb50e]" name="beforeClass" is-config="true" duration-ms="162" started-at="2019-08-27T17:01:52Z" finished-at="2019-08-27T17:01:52Z">
          <reporter-output>
          </reporter-output>
        </test-method> <!-- beforeClass -->
        <test-method status="PASS" signature="beforeMethod()[pri:0, instance:TestCases.DigiDocTest@13deb50e]" name="beforeMethod" is-config="true" duration-ms="7046" started-at="2019-08-27T17:01:53Z" finished-at="2019-08-27T17:02:00Z">
          <reporter-output>
          </reporter-output>
        </test-method> <!-- beforeMethod -->
        <test-method status="PASS" signature="selectDepartment(int, int)[pri:0, instance:TestCases.DigiDocTest@13deb50e]" name="selectDepartment" duration-ms="2844" started-at="2019-08-27T17:02:00Z" data-provider="TestIterations" finished-at="2019-08-27T17:02:02Z">
          <params>
            <param index="0">
              <value>
                <![CDATA[1]]>
              </value>
            </param>
            <param index="1">
              <value>
                <![CDATA[3]]>
              </value>
            </param>
          </params>
          <reporter-output>
          </reporter-output>
        </test-method> <!-- selectDepartment -->
        <test-method status="PASS" signature="afterClass()[pri:0, instance:TestCases.DigiDocTest@13deb50e]" name="afterClass" is-config="true" duration-ms="557" started-at="2019-08-27T17:02:02Z" finished-at="2019-08-27T17:02:03Z">
          <reporter-output>
          </reporter-output>
        </test-method> <!-- afterClass -->
        <test-method status="PASS" signature="afterTest()[pri:0, instance:TestCases.DigiDocTest@13deb50e]" name="afterTest" is-config="true" duration-ms="0" started-at="2019-08-27T17:02:03Z" finished-at="2019-08-27T17:02:03Z">
          <reporter-output>
          </reporter-output>
        </test-method> <!-- afterTest -->
      </class> <!-- TestCases.DigiDocTest -->
    </test> <!-- Default test -->
  </suite> <!-- Default suite -->
</testng-results>
